<?xml version="1.0" encoding="UTF-8"?>
<testng-results skipped="0" failed="0" total="1" passed="1">
  <reporter-output>
  </reporter-output>
  <suite name="Default suite" duration-ms="13142" started-at="2017-03-16T11:24:52Z" finished-at="2017-03-16T11:25:05Z">
    <groups>
    </groups>
    <test name="Default test" duration-ms="13142" started-at="2017-03-16T11:24:52Z" finished-at="2017-03-16T11:25:05Z">
      <class name="ajay.NewTest">
        <test-method status="PASS" signature="beforeClass()[pri:0, instance:ajay.NewTest@33a10788]" name="beforeClass" is-config="true" duration-ms="7336" started-at="2017-03-16T16:54:52Z" finished-at="2017-03-16T16:54:59Z">
          <reporter-output>
          </reporter-output>
        </test-method> <!-- beforeClass -->
        <test-method status="PASS" signature="f()[pri:0, instance:ajay.NewTest@33a10788]" name="f" duration-ms="5385" started-at="2017-03-16T16:54:59Z" finished-at="2017-03-16T16:55:04Z">
          <reporter-output>
          </reporter-output>
        </test-method> <!-- f -->
        <test-method status="PASS" signature="afterClass()[pri:0, instance:ajay.NewTest@33a10788]" name="afterClass" is-config="true" duration-ms="398" started-at="2017-03-16T16:55:04Z" finished-at="2017-03-16T16:55:05Z">
          <reporter-output>
          </reporter-output>
        </test-method> <!-- afterClass -->
      </class> <!-- ajay.NewTest -->
    </test> <!-- Default test -->
  </suite> <!-- Default suite -->
</testng-results>
